<?xml version="1.0" encoding="UTF-8"?>
<!-- Generated by org.testng.reporters.JUnitXMLReporter -->
<testsuite ignored="0" hostname="DESKTOP-HCK84SG" failures="0" tests="3" name="Default test" time="0.081" errors="0" timestamp="2023-11-04T21:35:44 IST">
  <testcase classname="TestNG_Basics.Priority_Attribute" name="search" time="0.015"/>
  <testcase classname="TestNG_Basics.Priority_Attribute" name="login" time="0.003"/>
  <testcase classname="TestNG_Basics.Priority_Attribute" name="register" time="0.003"/>
</testsuite> <!-- Default test -->
