<?xml version="1.0" encoding="UTF-8"?>
<testng-results ignored="0" total="3" passed="3" failed="0" skipped="0">
  <reporter-output>
    <line>
      <![CDATA[Executing search test case....]]>
    </line>
    <line>
      <![CDATA[Executing login test case....]]>
    </line>
    <line>
      <![CDATA[Executing register test case....]]>
    </line>
  </reporter-output>
  <suite started-at="2023-11-04T21:35:44 IST" name="Default suite" finished-at="2023-11-04T21:35:44 IST" duration-ms="81">
    <groups>
    </groups>
    <test started-at="2023-11-04T21:35:44 IST" name="Default test" finished-at="2023-11-04T21:35:44 IST" duration-ms="81">
      <class name="TestNG_Basics.Priority_Attribute">
        <test-method signature="search()[pri:1, instance:TestNG_Basics.Priority_Attribute@459e9125]" started-at="2023-11-04T21:35:44 IST" name="search" finished-at="2023-11-04T21:35:44 IST" duration-ms="15" status="PASS">
          <reporter-output>
            <line>
              <![CDATA[Executing search test case....]]>
            </line>
          </reporter-output>
        </test-method> <!-- search -->
        <test-method signature="login()[pri:2, instance:TestNG_Basics.Priority_Attribute@459e9125]" started-at="2023-11-04T21:35:44 IST" name="login" finished-at="2023-11-04T21:35:44 IST" duration-ms="3" status="PASS">
          <reporter-output>
            <line>
              <![CDATA[Executing login test case....]]>
            </line>
          </reporter-output>
        </test-method> <!-- login -->
        <test-method signature="register()[pri:3, instance:TestNG_Basics.Priority_Attribute@459e9125]" started-at="2023-11-04T21:35:44 IST" name="register" finished-at="2023-11-04T21:35:44 IST" duration-ms="3" status="PASS">
          <reporter-output>
            <line>
              <![CDATA[Executing register test case....]]>
            </line>
          </reporter-output>
        </test-method> <!-- register -->
      </class> <!-- TestNG_Basics.Priority_Attribute -->
    </test> <!-- Default test -->
  </suite> <!-- Default suite -->
</testng-results>
