<?xml version="1.0" encoding="UTF-8"?>
<!-- Generated by org.testng.reporters.JUnitXMLReporter -->
<testsuite ignored="0" hostname="DESKTOP-HCK84SG" failures="0" tests="3" name="Test" time="111.702" errors="0" timestamp="2023-11-01T11:47:38 IST">
  <testcase classname="TestNG_Test_Cases.Login_Test_Case" name="login" time="21.113"/>
  <testcase classname="TestNG_Test_Cases.Search_Test_Case" name="search" time="20.325"/>
  <testcase classname="TestNG_Test_Cases.Register_Test_Case" name="register" time="70.151"/>
</testsuite> <!-- Test -->
